<?xml version="1.0" encoding="UTF-8"?>
<!-- Generated by org.testng.reporters.JUnitReportReporter -->
<testsuite skipped="0" hostname="Mayank" name="com.demo.ThirdClass" tests="3" failures="0" timestamp="24 Jun 2018 19:32:46 GMT" time="0.055" errors="0">
  <testcase name="perirectangle" time="0.006" classname="com.demo.ThirdClass"/>
  <testcase name="arearectangle" time="0.045" classname="com.demo.ThirdClass"/>
  <testcase name="areatriangle" time="0.004" classname="com.demo.ThirdClass"/>
</testsuite> <!-- com.demo.ThirdClass -->
