<?xml version="1.0" encoding="UTF-8"?>
<!-- Generated by org.testng.reporters.JUnitReportReporter -->
<testsuite skipped="0" hostname="Mayank" name="com.demo.SecondClass" tests="3" failures="0" timestamp="24 Jun 2018 19:21:04 GMT" time="0.047" errors="0">
  <testcase name="modulus" time="0.002" classname="com.demo.SecondClass"/>
  <testcase name="square" time="0.006" classname="com.demo.SecondClass"/>
  <testcase name="cube" time="0.039" classname="com.demo.SecondClass"/>
</testsuite> <!-- com.demo.SecondClass -->
