<?xml version="1.0" encoding="UTF-8"?>
<!-- Generated by org.testng.reporters.JUnitReportReporter -->
<testsuite skipped="0" hostname="Mayank" name="com.demo.FourthClass" tests="3" failures="0" timestamp="24 Jun 2018 20:22:16 GMT" time="0.028" errors="0">
  <testcase name="tsacuboid" time="0.002" classname="com.demo.FourthClass"/>
  <testcase name="areacuboid" time="0.023" classname="com.demo.FourthClass"/>
  <testcase name="lsacuboid" time="0.003" classname="com.demo.FourthClass"/>
</testsuite> <!-- com.demo.FourthClass -->
