<?xml version="1.0" encoding="UTF-8"?>
<!-- Generated by org.testng.reporters.JUnitReportReporter -->
<testsuite skipped="0" hostname="Mayank" name="com.demo.SecondClass" tests="3" failures="0" timestamp="24 Jun 2018 21:43:50 GMT" time="0.002" errors="0">
  <testcase name="cube" time="0.000" classname="com.demo.SecondClass"/>
  <testcase name="square" time="0.001" classname="com.demo.SecondClass"/>
  <testcase name="modulus" time="0.001" classname="com.demo.SecondClass"/>
</testsuite> <!-- com.demo.SecondClass -->
