<?xml version="1.0" encoding="UTF-8"?>
<!-- Generated by org.testng.reporters.JUnitReportReporter -->
<testsuite skipped="0" hostname="Mayank" name="com.demo.FirstClass" tests="4" failures="0" timestamp="24 Jun 2018 21:43:50 GMT" time="0.016" errors="0">
  <testcase name="divide" time="0.001" classname="com.demo.FirstClass"/>
  <testcase name="add" time="0.015" classname="com.demo.FirstClass"/>
  <testcase name="multiply" time="0.000" classname="com.demo.FirstClass"/>
  <testcase name="subtract" time="0.000" classname="com.demo.FirstClass"/>
</testsuite> <!-- com.demo.FirstClass -->
