<?xml version="1.0" encoding="UTF-8"?>
<!-- Generated by org.testng.reporters.JUnitReportReporter -->
<testsuite skipped="0" hostname="Mayank" name="com.demo.ThirdClass" tests="3" failures="0" timestamp="24 Jun 2018 21:43:50 GMT" time="0.002" errors="0">
  <testcase name="areatriangle" time="0.001" classname="com.demo.ThirdClass"/>
  <testcase name="perirectangle" time="0.001" classname="com.demo.ThirdClass"/>
  <testcase name="arearectangle" time="0.000" classname="com.demo.ThirdClass"/>
</testsuite> <!-- com.demo.ThirdClass -->
